2015-09-22 09:42 +03:00: [Function: param]
2015-09-22 09:42 +03:00: [0mGET / [32m200 [0m156.090 ms - 2201[0m
2015-09-22 09:42 +03:00: [0mGET /css/styles.min.css [33m404 [0m13.752 ms - 952[0m
2015-09-22 09:42 +03:00: [0mGET /favicon.ico [33m404 [0m4.592 ms - 952[0m
2015-09-22 09:42 +03:00: [0mGET /map/en [32m200 [0m11.434 ms - 4249[0m
2015-09-22 09:42 +03:00: [0mGET /css/styles.min.css [33m404 [0m3.637 ms - 952[0m
2015-09-22 09:42 +03:00: [0mGET /js/scripts.min.js [33m404 [0m3.655 ms - 952[0m
2015-09-22 09:42 +03:00: [0mGET /js/tpl/weatherPopup.js [33m404 [0m3.229 ms - 952[0m
2015-09-22 09:43 +03:00: [0mGET /map/en [36m304 [0m7.223 ms - -[0m
2015-09-22 09:43 +03:00: [0mGET /css/styles.min.css [33m404 [0m8.009 ms - 952[0m
2015-09-22 09:43 +03:00: [0mGET /js/scripts.min.js [33m404 [0m4.251 ms - 952[0m
2015-09-22 09:43 +03:00: [0mGET /js/tpl/weatherPopup.js [33m404 [0m4.981 ms - 952[0m
2015-09-22 09:43 +03:00: [0mGET /map/en [32m200 [0m8.692 ms - 4249[0m
2015-09-22 09:43 +03:00: [0mGET /css/styles.min.css [33m404 [0m3.546 ms - 952[0m
2015-09-22 09:43 +03:00: [0mGET /js/scripts.min.js [33m404 [0m3.684 ms - 952[0m
2015-09-22 09:43 +03:00: [0mGET /js/tpl/weatherPopup.js [33m404 [0m5.342 ms - 952[0m
2015-09-22 09:43 +03:00: [0mGET /favicon.ico [33m404 [0m2.114 ms - 952[0m
2015-09-22 09:43 +03:00: [Function: param]
2015-09-22 09:43 +03:00: [Function: param]
2015-09-22 09:43 +03:00: [0mGET /map/en [36m304 [0m103.645 ms - -[0m
2015-09-22 09:43 +03:00: [0mGET /js/tpl/weatherPopup.js [32m200 [0m5.442 ms - 506[0m
2015-09-22 09:43 +03:00: [0mGET /js/scripts.min.js [32m200 [0m11.566 ms - 22954[0m
2015-09-22 09:43 +03:00: [0mGET /css/styles.min.css [32m200 [0m17.071 ms - 40757[0m
2015-09-22 09:43 +03:00: [0mGET /css/styles.min.css [36m304 [0m1.791 ms - -[0m
2015-09-22 09:43 +03:00: [0mGET /map/en [36m304 [0m12.965 ms - -[0m
2015-09-22 09:43 +03:00: [0mGET /css/styles.min.css [36m304 [0m0.906 ms - -[0m
2015-09-22 09:43 +03:00: [0mGET /js/scripts.min.js [36m304 [0m0.603 ms - -[0m
2015-09-22 09:43 +03:00: [0mGET /js/tpl/weatherPopup.js [36m304 [0m0.538 ms - -[0m
2015-09-22 09:44 +03:00: [0mGET / [32m200 [0m16.330 ms - 2201[0m
2015-09-22 09:44 +03:00: [0mGET /css/styles.min.css [32m200 [0m1.468 ms - 40757[0m
2015-09-22 09:44 +03:00: [0mGET /favicon.ico [33m404 [0m5.608 ms - 952[0m
2015-09-22 09:44 +03:00: [0mGET /favicon.ico [33m404 [0m6.029 ms - 952[0m
2015-09-22 09:44 +03:00: [0mGET /map/en [32m200 [0m18.717 ms - 4249[0m
2015-09-22 09:44 +03:00: [0mGET /css/styles.min.css [36m304 [0m0.542 ms - -[0m
2015-09-22 09:44 +03:00: [0mGET /js/tpl/weatherPopup.js [32m200 [0m0.995 ms - 506[0m
2015-09-22 09:44 +03:00: [0mGET /js/scripts.min.js [32m200 [0m3.464 ms - 22954[0m
2015-09-22 09:44 +03:00: [0mGET /map/en [36m304 [0m7.771 ms - -[0m
2015-09-22 09:44 +03:00: [0mGET /css/styles.min.css [36m304 [0m0.570 ms - -[0m
2015-09-22 09:44 +03:00: [0mGET /js/scripts.min.js [36m304 [0m0.968 ms - -[0m
2015-09-22 09:44 +03:00: [0mGET /js/tpl/weatherPopup.js [36m304 [0m0.777 ms - -[0m
2015-09-23 10:21 +03:00: [Function: param]
2015-09-23 10:45 +03:00: [0mGET / [36m304 [0m130.919 ms - -[0m
2015-09-23 10:45 +03:00: [0mGET /css/styles.min.css [36m304 [0m3.118 ms - -[0m
2015-09-23 10:45 +03:00: [0mGET /favicon.ico [33m404 [0m14.305 ms - 952[0m
2015-09-23 10:45 +03:00: [0mGET /favicon.ico [33m404 [0m4.691 ms - 952[0m
2015-09-23 10:45 +03:00: [0mGET /map/el [32m200 [0m20.504 ms - 4261[0m
2015-09-23 10:45 +03:00: [0mGET /css/styles.min.css [36m304 [0m1.232 ms - -[0m
2015-09-23 10:45 +03:00: [0mGET /js/tpl/weatherPopup.js [36m304 [0m0.855 ms - -[0m
2015-09-23 10:45 +03:00: [0mGET /js/scripts.min.js [32m200 [0m2.678 ms - 23201[0m
2015-09-23 10:45 +03:00: [0mGET /map/el [36m304 [0m14.191 ms - -[0m
2015-09-23 10:45 +03:00: [0mGET /css/styles.min.css [36m304 [0m0.652 ms - -[0m
2015-09-23 10:45 +03:00: [0mGET /js/tpl/weatherPopup.js [36m304 [0m0.867 ms - -[0m
2015-09-23 10:45 +03:00: [0mGET /js/scripts.min.js [36m304 [0m1.021 ms - -[0m
2015-09-23 10:45 +03:00: [0mGET /images/maki/renders/marker-24.png [32m200 [0m8.125 ms - 655[0m
2015-09-23 10:59 +03:00: [0mGET /map/el [36m304 [0m12.405 ms - -[0m
2015-09-23 10:59 +03:00: [0mGET /css/styles.min.css [36m304 [0m0.712 ms - -[0m
2015-09-23 10:59 +03:00: [0mGET /js/scripts.min.js [32m200 [0m1.080 ms - 22985[0m
2015-09-23 10:59 +03:00: [0mGET /js/tpl/weatherPopup.js [36m304 [0m0.844 ms - -[0m
2015-09-23 10:59 +03:00: [0mGET /images/map-icons/pins/24/pin1.png [32m200 [0m1.160 ms - 2009[0m
2015-09-23 11:00 +03:00: [0mGET /map/el [36m304 [0m12.359 ms - -[0m
2015-09-23 11:00 +03:00: [0mGET /css/styles.min.css [36m304 [0m0.544 ms - -[0m
2015-09-23 11:00 +03:00: [0mGET /js/tpl/weatherPopup.js [36m304 [0m0.485 ms - -[0m
2015-09-23 11:00 +03:00: [0mGET /js/scripts.min.js [32m200 [0m3.303 ms - 22980[0m
2015-09-23 11:00 +03:00: [0mGET /images/map-icons/pins/24/pin1.png [36m304 [0m0.577 ms - -[0m
2015-09-23 11:00 +03:00: [0mGET /map/el [36m304 [0m10.915 ms - -[0m
2015-09-23 11:00 +03:00: [0mGET /css/styles.min.css [36m304 [0m0.661 ms - -[0m
2015-09-23 11:00 +03:00: [0mGET /js/scripts.min.js [32m200 [0m1.786 ms - 22980[0m
[0mGET /js/tpl/weatherPopup.js [36m304 [0m2.157 ms - -[0m
2015-09-23 11:00 +03:00: [0mGET /images/map-icons/pins/24/pin1.png [36m304 [0m0.710 ms - -[0m
2015-09-23 11:00 +03:00: [0mGET /map/el [36m304 [0m10.480 ms - -[0m
2015-09-23 11:00 +03:00: [0mGET /css/styles.min.css [36m304 [0m0.953 ms - -[0m
2015-09-23 11:00 +03:00: [0mGET /js/tpl/weatherPopup.js [36m304 [0m0.511 ms - -[0m
2015-09-23 11:00 +03:00: [0mGET /js/scripts.min.js [32m200 [0m1.307 ms - 22985[0m
2015-09-23 11:00 +03:00: [0mGET /images/map-icons/pins/24/pin1.png [36m304 [0m0.861 ms - -[0m
2015-09-23 11:01 +03:00: [0mGET /map/el [36m304 [0m16.895 ms - -[0m
2015-09-23 11:01 +03:00: [0mGET /css/styles.min.css [36m304 [0m0.915 ms - -[0m
2015-09-23 11:01 +03:00: [0mGET /js/tpl/weatherPopup.js [36m304 [0m0.720 ms - -[0m
2015-09-23 11:01 +03:00: [0mGET /js/scripts.min.js [32m200 [0m0.990 ms - 22980[0m
2015-09-23 11:01 +03:00: [0mGET /images/map-icons/pins/24/pin1.png [36m304 [0m0.658 ms - -[0m
2015-09-23 11:02 +03:00: [0mGET /map/el [36m304 [0m10.568 ms - -[0m
2015-09-23 11:02 +03:00: [0mGET /css/styles.min.css [36m304 [0m0.554 ms - -[0m
2015-09-23 11:02 +03:00: [0mGET /js/tpl/weatherPopup.js [36m304 [0m0.486 ms - -[0m
2015-09-23 11:02 +03:00: [0mGET /js/scripts.min.js [32m200 [0m1.018 ms - 22990[0m
2015-09-23 11:02 +03:00: [0mGET /images/map-icons/pins/24/pin1.png [36m304 [0m0.807 ms - -[0m
2015-09-23 11:02 +03:00: [0mGET /map/el [36m304 [0m10.438 ms - -[0m
2015-09-23 11:02 +03:00: [0mGET /css/styles.min.css [36m304 [0m0.686 ms - -[0m
2015-09-23 11:02 +03:00: [0mGET /js/tpl/weatherPopup.js [36m304 [0m0.536 ms - -[0m
2015-09-23 11:02 +03:00: [0mGET /js/scripts.min.js [32m200 [0m0.889 ms - 22985[0m
2015-09-23 11:02 +03:00: [0mGET /images/map-icons/pins/24/pin1.png [36m304 [0m0.611 ms - -[0m
2015-09-23 11:02 +03:00: [0mGET /map/el [36m304 [0m9.645 ms - -[0m
2015-09-23 11:02 +03:00: [0mGET /css/styles.min.css [36m304 [0m0.971 ms - -[0m
2015-09-23 11:02 +03:00: [0mGET /js/tpl/weatherPopup.js [36m304 [0m0.567 ms - -[0m
2015-09-23 11:02 +03:00: [0mGET /js/scripts.min.js [32m200 [0m0.967 ms - 22980[0m
2015-09-23 11:03 +03:00: [0mGET /images/map-icons/pins/24/pin1.png [36m304 [0m0.557 ms - -[0m
2015-09-23 11:03 +03:00: [0mGET /map/el [36m304 [0m10.148 ms - -[0m
2015-09-23 11:03 +03:00: [0mGET /css/styles.min.css [36m304 [0m0.753 ms - -[0m
2015-09-23 11:03 +03:00: [0mGET /js/tpl/weatherPopup.js [36m304 [0m0.427 ms - -[0m
2015-09-23 11:03 +03:00: [0mGET /js/scripts.min.js [32m200 [0m0.648 ms - 22980[0m
2015-09-23 11:03 +03:00: [0mGET /images/map-icons/pins/24/pin1.png [36m304 [0m0.799 ms - -[0m
2015-09-23 11:03 +03:00: [0mGET /map/el [36m304 [0m9.945 ms - -[0m
2015-09-23 11:03 +03:00: [0mGET /css/styles.min.css [36m304 [0m0.778 ms - -[0m
2015-09-23 11:03 +03:00: [0mGET /js/tpl/weatherPopup.js [36m304 [0m0.516 ms - -[0m
2015-09-23 11:03 +03:00: [0mGET /js/scripts.min.js [32m200 [0m0.822 ms - 22985[0m
2015-09-23 11:04 +03:00: [0mGET /images/map-icons/pins/24/pin1.png [36m304 [0m0.715 ms - -[0m
2015-09-23 11:04 +03:00: [0mGET /map/el [32m200 [0m9.872 ms - 4261[0m
2015-09-23 11:04 +03:00: [0mGET /css/styles.min.css [32m200 [0m8.816 ms - 40757[0m
2015-09-23 11:04 +03:00: [0mGET /js/scripts.min.js [32m200 [0m2.446 ms - 22985[0m
2015-09-23 11:04 +03:00: [0mGET /js/tpl/weatherPopup.js [32m200 [0m9.128 ms - 506[0m
2015-09-23 11:04 +03:00: [0mGET /images/map-icons/pins/24/pin1.png [32m200 [0m0.864 ms - 2009[0m
2015-09-23 11:05 +03:00: [0mGET /map/el [36m304 [0m10.981 ms - -[0m
2015-09-23 11:05 +03:00: [0mGET /css/styles.min.css [36m304 [0m0.861 ms - -[0m
2015-09-23 11:05 +03:00: [0mGET /js/scripts.min.js [36m304 [0m0.689 ms - -[0m
2015-09-23 11:05 +03:00: [0mGET /js/tpl/weatherPopup.js [36m304 [0m0.741 ms - -[0m
2015-09-23 11:05 +03:00: [0mGET /images/map-icons/pins/24/pin1.png [36m304 [0m0.607 ms - -[0m
2015-09-23 11:07 +03:00: [0mGET /map/el [36m304 [0m11.526 ms - -[0m
2015-09-23 11:07 +03:00: [0mGET /css/styles.min.css [36m304 [0m0.657 ms - -[0m
2015-09-23 11:07 +03:00: [0mGET /js/tpl/weatherPopup.js [36m304 [0m0.772 ms - -[0m
2015-09-23 11:07 +03:00: [0mGET /js/scripts.min.js [32m200 [0m1.627 ms - 23068[0m
2015-09-23 11:07 +03:00: [0mGET /images/map-icons/pins/24/pin1.png [36m304 [0m1.410 ms - -[0m
2015-09-23 11:08 +03:00: [0mGET /map/el [36m304 [0m10.393 ms - -[0m
2015-09-23 11:08 +03:00: [0mGET /css/styles.min.css [36m304 [0m0.916 ms - -[0m
2015-09-23 11:08 +03:00: [0mGET /js/scripts.min.js [36m304 [0m2.129 ms - -[0m
2015-09-23 11:08 +03:00: [0mGET /js/tpl/weatherPopup.js [36m304 [0m1.087 ms - -[0m
2015-09-23 11:08 +03:00: [0mGET /images/map-icons/pins/24/pin1.png [36m304 [0m0.557 ms - -[0m
2015-09-23 11:09 +03:00: [0mGET /map/el [36m304 [0m16.036 ms - -[0m
2015-09-23 11:09 +03:00: [0mGET /css/styles.min.css [32m200 [0m1.603 ms - 40816[0m
2015-09-23 11:09 +03:00: [0mGET /js/tpl/weatherPopup.js [36m304 [0m0.887 ms - -[0m
2015-09-23 11:09 +03:00: [0mGET /js/scripts.min.js [36m304 [0m1.352 ms - -[0m
2015-09-23 11:09 +03:00: [0mGET /images/map-icons/pins/24/pin1.png [36m304 [0m0.642 ms - -[0m
2015-09-23 11:10 +03:00: [0mGET /map/el [36m304 [0m9.997 ms - -[0m
2015-09-23 11:10 +03:00: [0mGET /css/styles.min.css [36m304 [0m0.692 ms - -[0m
2015-09-23 11:10 +03:00: [0mGET /js/scripts.min.js [36m304 [0m1.371 ms - -[0m
[0mGET /js/tpl/weatherPopup.js [36m304 [0m0.642 ms - -[0m
2015-09-23 11:10 +03:00: [0mGET /images/map-icons/pins/24/pin1.png [36m304 [0m0.960 ms - -[0m
2015-09-23 11:10 +03:00: [0mGET /map/el [36m304 [0m7.721 ms - -[0m
2015-09-23 11:10 +03:00: [0mGET /js/scripts.min.js [36m304 [0m0.589 ms - -[0m
2015-09-23 11:10 +03:00: [0mGET /css/styles.min.css [32m200 [0m2.719 ms - 40816[0m
2015-09-23 11:10 +03:00: [0mGET /js/tpl/weatherPopup.js [36m304 [0m1.773 ms - -[0m
2015-09-23 11:10 +03:00: [0mGET /images/map-icons/pins/24/pin1.png [36m304 [0m1.270 ms - -[0m
2015-09-23 11:11 +03:00: [0mGET /map/el [36m304 [0m9.017 ms - -[0m
2015-09-23 11:11 +03:00: [0mGET /css/styles.min.css [32m200 [0m0.908 ms - 40781[0m
2015-09-23 11:11 +03:00: [0mGET /js/scripts.min.js [36m304 [0m0.493 ms - -[0m
2015-09-23 11:11 +03:00: [0mGET /js/tpl/weatherPopup.js [36m304 [0m0.394 ms - -[0m
2015-09-23 11:11 +03:00: [0mGET /images/map-icons/pins/24/pin1.png [36m304 [0m0.585 ms - -[0m
2015-09-23 11:11 +03:00: [0mGET /map/el [32m200 [0m8.874 ms - 4261[0m
2015-09-23 11:11 +03:00: [0mGET /css/styles.min.css [32m200 [0m0.927 ms - 40781[0m
2015-09-23 11:11 +03:00: [0mGET /js/tpl/weatherPopup.js [36m304 [0m0.558 ms - -[0m
2015-09-23 11:11 +03:00: [0mGET /js/scripts.min.js [32m200 [0m69.080 ms - 23068[0m
2015-09-23 11:11 +03:00: [0mGET /favicon.ico [33m404 [0m10.554 ms - 952[0m
2015-09-23 11:11 +03:00: [0mGET /images/map-icons/pins/24/pin1.png [32m200 [0m51.649 ms - 2009[0m
2015-09-23 11:11 +03:00: [0mGET /map/el [36m304 [0m7.854 ms - -[0m
2015-09-23 11:11 +03:00: [0mGET /css/styles.min.css [32m200 [0m1.065 ms - 40763[0m
2015-09-23 11:11 +03:00: [0mGET /js/scripts.min.js [36m304 [0m0.492 ms - -[0m
2015-09-23 11:11 +03:00: [0mGET /js/tpl/weatherPopup.js [36m304 [0m0.595 ms - -[0m
2015-09-23 11:11 +03:00: [0mGET /images/map-icons/pins/24/pin1.png [36m304 [0m0.617 ms - -[0m
2015-09-23 11:11 +03:00: [0mGET /map/el [32m200 [0m7.152 ms - 4261[0m
2015-09-23 11:11 +03:00: [0mGET /css/styles.min.css [32m200 [0m1.320 ms - 40763[0m
2015-09-23 11:11 +03:00: [0mGET /js/scripts.min.js [32m200 [0m1.945 ms - 23068[0m
2015-09-23 11:11 +03:00: [0mGET /js/tpl/weatherPopup.js [32m200 [0m2.349 ms - 506[0m
2015-09-23 11:11 +03:00: [0mGET /images/map-icons/pins/24/pin1.png [32m200 [0m0.883 ms - 2009[0m
2015-09-23 11:12 +03:00: [0mGET /map/el [36m304 [0m7.393 ms - -[0m
2015-09-23 11:12 +03:00: [0mGET /css/styles.min.css [32m200 [0m0.824 ms - 40796[0m
2015-09-23 11:12 +03:00: [0mGET /js/scripts.min.js [36m304 [0m0.703 ms - -[0m
2015-09-23 11:12 +03:00: [0mGET /js/tpl/weatherPopup.js [36m304 [0m0.512 ms - -[0m
2015-09-23 11:12 +03:00: [0mGET /images/map-icons/pins/24/pin1.png [36m304 [0m0.485 ms - -[0m
2015-09-23 11:12 +03:00: [0mGET /map/el [36m304 [0m6.091 ms - -[0m
2015-09-23 11:12 +03:00: [0mGET /css/styles.min.css [32m200 [0m0.954 ms - 40796[0m
2015-09-23 11:12 +03:00: [0mGET /js/scripts.min.js [36m304 [0m0.619 ms - -[0m
2015-09-23 11:12 +03:00: [0mGET /js/tpl/weatherPopup.js [36m304 [0m1.009 ms - -[0m
2015-09-23 11:12 +03:00: [0mGET /map/el [36m304 [0m7.446 ms - -[0m
2015-09-23 11:12 +03:00: [0mGET /css/styles.min.css [36m304 [0m0.685 ms - -[0m
2015-09-23 11:12 +03:00: [0mGET /js/scripts.min.js [36m304 [0m1.004 ms - -[0m
2015-09-23 11:12 +03:00: [0mGET /js/tpl/weatherPopup.js [36m304 [0m3.891 ms - -[0m
2015-09-23 11:12 +03:00: [0mGET /map/el [36m304 [0m7.588 ms - -[0m
2015-09-23 11:12 +03:00: [0mGET /css/styles.min.css [36m304 [0m0.560 ms - -[0m
2015-09-23 11:12 +03:00: [0mGET /js/scripts.min.js [36m304 [0m0.526 ms - -[0m
2015-09-23 11:12 +03:00: [0mGET /js/tpl/weatherPopup.js [36m304 [0m0.581 ms - -[0m
2015-09-23 11:12 +03:00: [0mGET /images/map-icons/pins/24/pin1.png [36m304 [0m0.560 ms - -[0m
2015-09-23 11:12 +03:00: [0mGET /map/el [32m200 [0m8.429 ms - 4261[0m
2015-09-23 11:12 +03:00: [0mGET /css/styles.min.css [32m200 [0m0.864 ms - 40796[0m
2015-09-23 11:12 +03:00: [0mGET /js/scripts.min.js [32m200 [0m1.005 ms - 23068[0m
2015-09-23 11:12 +03:00: [0mGET /js/tpl/weatherPopup.js [32m200 [0m1.290 ms - 506[0m
2015-09-23 11:12 +03:00: [0mGET /favicon.ico [33m404 [0m2.895 ms - 952[0m
2015-09-23 11:12 +03:00: [0mGET /css/styles.min.css [36m304 [0m0.531 ms - -[0m
2015-09-23 11:14 +03:00: [0mGET /map/el [36m304 [0m6.727 ms - -[0m
2015-09-23 11:14 +03:00: [0mGET /css/styles.min.css [36m304 [0m0.604 ms - -[0m
2015-09-23 11:14 +03:00: [0mGET /js/scripts.min.js [36m304 [0m0.547 ms - -[0m
2015-09-23 11:14 +03:00: [0mGET /js/tpl/weatherPopup.js [36m304 [0m0.453 ms - -[0m
2015-09-23 11:14 +03:00: [0mGET /map/el [36m304 [0m7.356 ms - -[0m
2015-09-23 11:14 +03:00: [0mGET /css/styles.min.css [36m304 [0m0.502 ms - -[0m
2015-09-23 11:14 +03:00: [0mGET /js/scripts.min.js [36m304 [0m0.474 ms - -[0m
2015-09-23 11:14 +03:00: [0mGET /js/tpl/weatherPopup.js [36m304 [0m0.449 ms - -[0m
2015-09-23 11:15 +03:00: [0mGET /images/map-icons/pins/24/pin1.png [36m304 [0m0.580 ms - -[0m
2015-09-23 11:15 +03:00: [0mGET /map/el [36m304 [0m6.889 ms - -[0m
2015-09-23 11:15 +03:00: [0mGET /css/styles.min.css [32m200 [0m1.080 ms - 40764[0m
2015-09-23 11:15 +03:00: [0mGET /js/scripts.min.js [36m304 [0m0.601 ms - -[0m
2015-09-23 11:15 +03:00: [0mGET /js/tpl/weatherPopup.js [36m304 [0m0.514 ms - -[0m
2015-09-23 11:15 +03:00: [0mGET /images/map-icons/pins/24/pin1.png [36m304 [0m0.690 ms - -[0m
2015-09-23 11:15 +03:00: [0mGET /map/el [36m304 [0m7.320 ms - -[0m
2015-09-23 11:15 +03:00: [0mGET /css/styles.min.css [32m200 [0m2.142 ms - 40764[0m
2015-09-23 11:15 +03:00: [0mGET /js/scripts.min.js [36m304 [0m0.712 ms - -[0m
2015-09-23 11:15 +03:00: [0mGET /js/tpl/weatherPopup.js [36m304 [0m0.504 ms - -[0m
2015-09-23 11:15 +03:00: [0mGET /images/map-icons/pins/24/pin1.png [36m304 [0m0.774 ms - -[0m
2015-09-23 11:15 +03:00: [0mGET /map/el [36m304 [0m6.952 ms - -[0m
2015-09-23 11:15 +03:00: [0mGET /css/styles.min.css [36m304 [0m1.279 ms - -[0m
2015-09-23 11:15 +03:00: [0mGET /js/scripts.min.js [36m304 [0m1.512 ms - -[0m
2015-09-23 11:15 +03:00: [0mGET /js/tpl/weatherPopup.js [36m304 [0m1.558 ms - -[0m
2015-09-23 11:15 +03:00: [0mGET /images/map-icons/pins/24/pin1.png [36m304 [0m0.544 ms - -[0m
2015-09-23 11:16 +03:00: [0mGET /map/el [36m304 [0m6.926 ms - -[0m
2015-09-23 11:16 +03:00: [0mGET /css/styles.min.css [36m304 [0m0.537 ms - -[0m
2015-09-23 11:16 +03:00: [0mGET /js/scripts.min.js [36m304 [0m0.716 ms - -[0m
2015-09-23 11:16 +03:00: [0mGET /js/tpl/weatherPopup.js [36m304 [0m1.521 ms - -[0m
2015-09-23 11:16 +03:00: [0mGET /images/map-icons/pins/24/pin1.png [36m304 [0m0.702 ms - -[0m
2015-09-23 11:16 +03:00: [0mGET /map/el [36m304 [0m6.747 ms - -[0m
2015-09-23 11:16 +03:00: [0mGET /css/styles.min.css [36m304 [0m0.611 ms - -[0m
2015-09-23 11:16 +03:00: [0mGET /js/scripts.min.js [36m304 [0m0.596 ms - -[0m
2015-09-23 11:16 +03:00: [0mGET /js/tpl/weatherPopup.js [36m304 [0m0.704 ms - -[0m
2015-09-23 11:17 +03:00: [0mGET /images/map-icons/pins/24/pin1.png [36m304 [0m0.591 ms - -[0m
2015-09-23 11:17 +03:00: [0mGET /css/styles.min.css [36m304 [0m0.578 ms - -[0m
2015-09-23 11:17 +03:00: [0mGET /map/el [36m304 [0m6.828 ms - -[0m
2015-09-23 11:17 +03:00: [0mGET /css/styles.min.css [32m200 [0m0.785 ms - 40685[0m
2015-09-23 11:17 +03:00: [0mGET /js/scripts.min.js [36m304 [0m0.636 ms - -[0m
2015-09-23 11:17 +03:00: [0mGET /js/tpl/weatherPopup.js [36m304 [0m0.470 ms - -[0m
2015-09-23 11:17 +03:00: [0mGET /map/el [36m304 [0m7.215 ms - -[0m
2015-09-23 11:17 +03:00: [0mGET /css/styles.min.css [32m200 [0m0.800 ms - 40685[0m
2015-09-23 11:17 +03:00: [0mGET /js/scripts.min.js [36m304 [0m1.280 ms - -[0m
2015-09-23 11:17 +03:00: [0mGET /js/tpl/weatherPopup.js [36m304 [0m0.440 ms - -[0m
2015-09-23 11:17 +03:00: [0mGET /images/map-icons/pins/24/pin1.png [36m304 [0m0.588 ms - -[0m
2015-09-23 11:21 +03:00: [0mGET /map/el [32m200 [0m7.224 ms - 4142[0m
2015-09-23 11:21 +03:00: [0mGET /css/styles.min.css [36m304 [0m0.933 ms - -[0m
2015-09-23 11:21 +03:00: [0mGET /js/scripts.min.js [36m304 [0m0.766 ms - -[0m
2015-09-23 11:21 +03:00: [0mGET /js/tpl/weatherPopup.js [36m304 [0m0.831 ms - -[0m
2015-09-23 11:21 +03:00: [0mGET /images/map-icons/pins/24/pin1.png [36m304 [0m0.537 ms - -[0m
2015-09-23 11:21 +03:00: [0mGET /map/el [36m304 [0m7.462 ms - -[0m
2015-09-23 11:21 +03:00: [0mGET /css/styles.min.css [32m200 [0m1.134 ms - 40764[0m
2015-09-23 11:21 +03:00: [0mGET /js/scripts.min.js [36m304 [0m0.576 ms - -[0m
2015-09-23 11:21 +03:00: [0mGET /js/tpl/weatherPopup.js [36m304 [0m0.464 ms - -[0m
2015-09-23 11:21 +03:00: [0mGET /images/map-icons/pins/24/pin1.png [36m304 [0m0.590 ms - -[0m
2015-09-23 11:21 +03:00: [0mGET /map/el [32m200 [0m7.235 ms - 4142[0m
2015-09-23 11:21 +03:00: [0mGET /css/styles.min.css [32m200 [0m2.948 ms - 40764[0m
2015-09-23 11:21 +03:00: [0mGET /js/scripts.min.js [36m304 [0m0.612 ms - -[0m
2015-09-23 11:21 +03:00: [0mGET /js/tpl/weatherPopup.js [36m304 [0m0.872 ms - -[0m
2015-09-23 11:21 +03:00: [0mGET /images/map-icons/pins/24/pin1.png [36m304 [0m0.513 ms - -[0m
2015-09-23 11:23 +03:00: [0mGET /map/el [36m304 [0m9.091 ms - -[0m
2015-09-23 11:23 +03:00: [0mGET /js/scripts.min.js [36m304 [0m0.548 ms - -[0m
2015-09-23 11:23 +03:00: [0mGET /js/tpl/weatherPopup.js [36m304 [0m0.657 ms - -[0m
2015-09-23 11:23 +03:00: [0mGET /css/styles.min.css [32m200 [0m0.910 ms - 40783[0m
2015-09-23 11:24 +03:00: [0mGET /images/map-icons/pins/24/pin1.png [36m304 [0m0.583 ms - -[0m
2015-09-23 11:24 +03:00: [0mGET /map/el [36m304 [0m7.232 ms - -[0m
2015-09-23 11:24 +03:00: [0mGET /css/styles.min.css [36m304 [0m0.511 ms - -[0m
2015-09-23 11:24 +03:00: [0mGET /js/scripts.min.js [36m304 [0m0.537 ms - -[0m
2015-09-23 11:24 +03:00: [0mGET /js/tpl/weatherPopup.js [36m304 [0m0.433 ms - -[0m
2015-09-23 11:24 +03:00: [0mGET /images/map-icons/pins/24/pin1.png [36m304 [0m0.539 ms - -[0m
2015-09-23 11:25 +03:00: [0mGET /map/el [36m304 [0m6.779 ms - -[0m
2015-09-23 11:25 +03:00: [0mGET /css/styles.min.css [32m200 [0m0.824 ms - 40802[0m
2015-09-23 11:25 +03:00: [0mGET /js/scripts.min.js [36m304 [0m0.523 ms - -[0m
2015-09-23 11:25 +03:00: [0mGET /js/tpl/weatherPopup.js [36m304 [0m0.606 ms - -[0m
2015-09-23 11:25 +03:00: [0mGET /images/map-icons/pins/24/pin1.png [36m304 [0m0.791 ms - -[0m
2015-09-23 11:25 +03:00: [0mGET /map/el [36m304 [0m6.974 ms - -[0m
2015-09-23 11:25 +03:00: [0mGET /css/styles.min.css [32m200 [0m0.777 ms - 40685[0m
2015-09-23 11:25 +03:00: [0mGET /js/scripts.min.js [36m304 [0m0.562 ms - -[0m
2015-09-23 11:25 +03:00: [0mGET /js/tpl/weatherPopup.js [36m304 [0m0.605 ms - -[0m
2015-09-23 11:27 +03:00: [0mGET /map/el [36m304 [0m7.142 ms - -[0m
2015-09-23 11:27 +03:00: [0mGET /css/styles.min.css [32m200 [0m0.806 ms - 40644[0m
2015-09-23 11:27 +03:00: [0mGET /js/scripts.min.js [36m304 [0m0.564 ms - -[0m
2015-09-23 11:27 +03:00: [0mGET /js/tpl/weatherPopup.js [36m304 [0m0.769 ms - -[0m
2015-09-23 11:27 +03:00: [0mGET /images/map-icons/pins/24/pin1.png [36m304 [0m1.164 ms - -[0m
2015-09-23 11:27 +03:00: [0mGET /map/el [36m304 [0m7.018 ms - -[0m
2015-09-23 11:27 +03:00: [0mGET /css/styles.min.css [36m304 [0m0.601 ms - -[0m
2015-09-23 11:27 +03:00: [0mGET /js/scripts.min.js [36m304 [0m0.710 ms - -[0m
2015-09-23 11:27 +03:00: [0mGET /js/tpl/weatherPopup.js [36m304 [0m0.438 ms - -[0m
2015-09-23 11:29 +03:00: [0mGET /map/el [36m304 [0m8.161 ms - -[0m
2015-09-23 11:29 +03:00: [0mGET /css/styles.min.css [32m200 [0m1.395 ms - 40389[0m
2015-09-23 11:29 +03:00: [0mGET /js/scripts.min.js [36m304 [0m0.545 ms - -[0m
2015-09-23 11:29 +03:00: [0mGET /js/tpl/weatherPopup.js [36m304 [0m0.529 ms - -[0m
2015-09-23 11:29 +03:00: [0mGET /images/map-icons/pins/24/pin1.png [36m304 [0m0.569 ms - -[0m
2015-09-23 11:30 +03:00: [0mGET /map/el [36m304 [0m6.666 ms - -[0m
2015-09-23 11:30 +03:00: [0mGET /css/styles.min.css [32m200 [0m0.868 ms - 40522[0m
2015-09-23 11:30 +03:00: [0mGET /js/scripts.min.js [36m304 [0m0.477 ms - -[0m
2015-09-23 11:30 +03:00: [0mGET /js/tpl/weatherPopup.js [36m304 [0m0.450 ms - -[0m
2015-09-23 11:30 +03:00: [0mGET /images/map-icons/pins/24/pin1.png [36m304 [0m0.628 ms - -[0m
2015-09-23 11:30 +03:00: [0mGET /map/el [36m304 [0m7.433 ms - -[0m
2015-09-23 11:30 +03:00: [0mGET /css/styles.min.css [32m200 [0m1.287 ms - 40592[0m
2015-09-23 11:30 +03:00: [0mGET /js/scripts.min.js [36m304 [0m0.769 ms - -[0m
2015-09-23 11:30 +03:00: [0mGET /js/tpl/weatherPopup.js [36m304 [0m0.759 ms - -[0m
2015-09-23 11:30 +03:00: [0mGET /images/map-icons/pins/24/pin1.png [36m304 [0m0.562 ms - -[0m
2015-09-23 11:30 +03:00: [0mGET /map/el [36m304 [0m6.784 ms - -[0m
2015-09-23 11:30 +03:00: [0mGET /css/styles.min.css [32m200 [0m0.979 ms - 40708[0m
2015-09-23 11:30 +03:00: [0mGET /js/scripts.min.js [36m304 [0m0.479 ms - -[0m
2015-09-23 11:30 +03:00: [0mGET /js/tpl/weatherPopup.js [36m304 [0m0.421 ms - -[0m
2015-09-23 11:30 +03:00: [0mGET /images/map-icons/pins/24/pin1.png [36m304 [0m0.616 ms - -[0m
2015-09-23 11:30 +03:00: [0mGET /map/el [36m304 [0m6.741 ms - -[0m
2015-09-23 11:30 +03:00: [0mGET /css/styles.min.css [32m200 [0m1.061 ms - 40678[0m
2015-09-23 11:30 +03:00: [0mGET /js/scripts.min.js [36m304 [0m0.443 ms - -[0m
2015-09-23 11:30 +03:00: [0mGET /js/tpl/weatherPopup.js [36m304 [0m0.345 ms - -[0m
2015-09-23 11:30 +03:00: [0mGET /images/map-icons/pins/24/pin1.png [36m304 [0m0.539 ms - -[0m
2015-09-23 11:31 +03:00: [0mGET /map/el [36m304 [0m7.797 ms - -[0m
2015-09-23 11:31 +03:00: [0mGET /css/styles.min.css [32m200 [0m0.826 ms - 40698[0m
2015-09-23 11:31 +03:00: [0mGET /js/scripts.min.js [36m304 [0m0.560 ms - -[0m
2015-09-23 11:31 +03:00: [0mGET /js/tpl/weatherPopup.js [36m304 [0m0.392 ms - -[0m
2015-09-23 11:31 +03:00: [0mGET /images/map-icons/pins/24/pin1.png [36m304 [0m0.607 ms - -[0m
2015-09-23 11:31 +03:00: [0mGET /map/el [36m304 [0m6.926 ms - -[0m
2015-09-23 11:31 +03:00: [0mGET /css/styles.min.css [32m200 [0m1.063 ms - 40698[0m
2015-09-23 11:31 +03:00: [0mGET /js/scripts.min.js [36m304 [0m0.821 ms - -[0m
2015-09-23 11:31 +03:00: [0mGET /js/tpl/weatherPopup.js [36m304 [0m0.484 ms - -[0m
2015-09-23 11:31 +03:00: [0mGET /images/map-icons/pins/24/pin1.png [36m304 [0m0.580 ms - -[0m
2015-09-23 11:31 +03:00: [0mGET /map/el [36m304 [0m6.926 ms - -[0m
2015-09-23 11:31 +03:00: [0mGET /css/styles.min.css [32m200 [0m0.856 ms - 40652[0m
2015-09-23 11:31 +03:00: [0mGET /js/scripts.min.js [36m304 [0m0.477 ms - -[0m
2015-09-23 11:31 +03:00: [0mGET /js/tpl/weatherPopup.js [36m304 [0m0.446 ms - -[0m
2015-09-23 11:32 +03:00: [0mGET /images/map-icons/pins/24/pin1.png [36m304 [0m0.734 ms - -[0m
2015-09-23 11:32 +03:00: [0mGET /map/el [36m304 [0m7.181 ms - -[0m
2015-09-23 11:32 +03:00: [0mGET /css/styles.min.css [32m200 [0m0.946 ms - 40653[0m
2015-09-23 11:32 +03:00: [0mGET /js/scripts.min.js [36m304 [0m0.560 ms - -[0m
2015-09-23 11:32 +03:00: [0mGET /js/tpl/weatherPopup.js [36m304 [0m0.517 ms - -[0m
2015-09-23 11:32 +03:00: [0mGET /images/map-icons/pins/24/pin1.png [36m304 [0m0.563 ms - -[0m
2015-09-23 11:32 +03:00: [0mGET /map/el [36m304 [0m6.427 ms - -[0m
2015-09-23 11:32 +03:00: [0mGET /js/scripts.min.js [36m304 [0m0.712 ms - -[0m
2015-09-23 11:32 +03:00: [0mGET /js/tpl/weatherPopup.js [36m304 [0m0.506 ms - -[0m
2015-09-23 11:32 +03:00: [0mGET /css/styles.min.css [36m304 [0m0.532 ms - -[0m
2015-09-23 11:33 +03:00: [0mGET /images/map-icons/pins/24/pin1.png [36m304 [0m0.522 ms - -[0m
2015-09-23 11:33 +03:00: [0mGET /map/el [36m304 [0m7.035 ms - -[0m
2015-09-23 11:33 +03:00: [0mGET /js/scripts.min.js [36m304 [0m0.803 ms - -[0m
2015-09-23 11:33 +03:00: [0mGET /js/tpl/weatherPopup.js [36m304 [0m0.853 ms - -[0m
2015-09-23 11:33 +03:00: [0mGET /css/styles.min.css [32m200 [0m1.953 ms - 40653[0m
2015-09-23 11:33 +03:00: [0mGET /images/map-icons/pins/24/pin1.png [36m304 [0m0.555 ms - -[0m
2015-09-23 11:33 +03:00: [0mGET /map/el [36m304 [0m7.066 ms - -[0m
2015-09-23 11:33 +03:00: [0mGET /css/styles.min.css [32m200 [0m1.064 ms - 40713[0m
2015-09-23 11:33 +03:00: [0mGET /js/tpl/weatherPopup.js [36m304 [0m1.077 ms - -[0m
2015-09-23 11:33 +03:00: [0mGET /js/scripts.min.js [36m304 [0m0.935 ms - -[0m
2015-09-23 11:33 +03:00: [0mGET /images/map-icons/pins/24/pin1.png [36m304 [0m0.622 ms - -[0m
2015-09-23 11:34 +03:00: [0mGET /map/el [36m304 [0m6.719 ms - -[0m
2015-09-23 11:34 +03:00: [0mGET /css/styles.min.css [32m200 [0m0.817 ms - 40711[0m
2015-09-23 11:34 +03:00: [0mGET /js/scripts.min.js [36m304 [0m0.458 ms - -[0m
2015-09-23 11:34 +03:00: [0mGET /js/tpl/weatherPopup.js [36m304 [0m0.720 ms - -[0m
2015-09-23 11:34 +03:00: [0mGET /css/styles.min.css [36m304 [0m0.422 ms - -[0m
2015-09-23 11:35 +03:00: [0mGET /map/el [36m304 [0m6.749 ms - -[0m
2015-09-23 11:35 +03:00: [0mGET /css/styles.min.css [32m200 [0m1.412 ms - 40709[0m
2015-09-23 11:35 +03:00: [0mGET /js/scripts.min.js [36m304 [0m0.597 ms - -[0m
2015-09-23 11:35 +03:00: [0mGET /js/tpl/weatherPopup.js [36m304 [0m0.955 ms - -[0m
2015-09-23 11:36 +03:00: [0mGET /map/el [36m304 [0m7.282 ms - -[0m
2015-09-23 11:36 +03:00: [0mGET /css/styles.min.css [32m200 [0m0.829 ms - 40709[0m
2015-09-23 11:36 +03:00: [0mGET /js/tpl/weatherPopup.js [36m304 [0m0.568 ms - -[0m
2015-09-23 11:36 +03:00: [0mGET /js/scripts.min.js [36m304 [0m0.467 ms - -[0m
2015-09-23 11:36 +03:00: [0mGET /map/el [36m304 [0m8.979 ms - -[0m
2015-09-23 11:36 +03:00: [0mGET /css/styles.min.css [32m200 [0m2.133 ms - 40595[0m
2015-09-23 11:36 +03:00: [0mGET /js/scripts.min.js [36m304 [0m0.748 ms - -[0m
2015-09-23 11:36 +03:00: [0mGET /js/tpl/weatherPopup.js [36m304 [0m0.588 ms - -[0m
2015-09-23 11:36 +03:00: [0mGET /map/el [36m304 [0m6.942 ms - -[0m
2015-09-23 11:36 +03:00: [0mGET /css/styles.min.css [32m200 [0m1.022 ms - 40472[0m
2015-09-23 11:36 +03:00: [0mGET /js/scripts.min.js [36m304 [0m0.919 ms - -[0m
2015-09-23 11:36 +03:00: [0mGET /js/tpl/weatherPopup.js [36m304 [0m0.988 ms - -[0m
2015-09-23 11:37 +03:00: [0mGET /map/el [36m304 [0m7.047 ms - -[0m
2015-09-23 11:37 +03:00: [0mGET /css/styles.min.css [32m200 [0m3.119 ms - 40698[0m
2015-09-23 11:37 +03:00: [0mGET /js/scripts.min.js [36m304 [0m1.100 ms - -[0m
[0mGET /js/tpl/weatherPopup.js [36m304 [0m1.318 ms - -[0m
2015-09-23 11:37 +03:00: [0mGET /images/map-icons/pins/24/pin1.png [36m304 [0m0.577 ms - -[0m
2015-09-23 11:38 +03:00: [0mGET /map/el [36m304 [0m7.800 ms - -[0m
2015-09-23 11:38 +03:00: [0mGET /css/styles.min.css [32m200 [0m0.849 ms - 40845[0m
2015-09-23 11:38 +03:00: [0mGET /js/scripts.min.js [36m304 [0m0.629 ms - -[0m
2015-09-23 11:38 +03:00: [0mGET /js/tpl/weatherPopup.js [36m304 [0m0.686 ms - -[0m
2015-09-23 11:38 +03:00: [0mGET /images/map-icons/pins/24/pin1.png [36m304 [0m0.694 ms - -[0m
2015-09-23 11:38 +03:00: [0mGET /map/el [36m304 [0m6.794 ms - -[0m
2015-09-23 11:38 +03:00: [0mGET /css/styles.min.css [32m200 [0m1.144 ms - 40911[0m
2015-09-23 11:38 +03:00: [0mGET /js/scripts.min.js [36m304 [0m0.601 ms - -[0m
2015-09-23 11:38 +03:00: [0mGET /js/tpl/weatherPopup.js [36m304 [0m0.715 ms - -[0m
2015-09-23 11:39 +03:00: [0mGET /images/map-icons/pins/24/pin1.png [36m304 [0m0.553 ms - -[0m
2015-09-23 13:45 +03:00: [0mGET /map/el [36m304 [0m29.213 ms - -[0m
2015-09-23 13:45 +03:00: [0mGET /css/styles.min.css [32m200 [0m1.095 ms - 39745[0m
2015-09-23 13:45 +03:00: [0mGET /js/tpl/weatherPopup.js [36m304 [0m15.247 ms - -[0m
2015-09-23 13:45 +03:00: [0mGET /js/scripts.min.js [36m304 [0m16.139 ms - -[0m
2015-09-23 13:46 +03:00: [0mGET /map/el [36m304 [0m7.695 ms - -[0m
2015-09-23 13:46 +03:00: [0mGET /css/styles.min.css [32m200 [0m1.188 ms - 39745[0m
2015-09-23 13:46 +03:00: [0mGET /js/scripts.min.js [36m304 [0m1.323 ms - -[0m
2015-09-23 13:46 +03:00: [0mGET /js/tpl/weatherPopup.js [36m304 [0m1.085 ms - -[0m
2015-09-23 13:46 +03:00: [0mGET /map/el [36m304 [0m6.918 ms - -[0m
2015-09-23 13:46 +03:00: [0mGET /css/styles.min.css [32m200 [0m1.107 ms - 39699[0m
2015-09-23 13:46 +03:00: [0mGET /js/scripts.min.js [36m304 [0m1.886 ms - -[0m
2015-09-23 13:46 +03:00: [0mGET /js/tpl/weatherPopup.js [36m304 [0m0.896 ms - -[0m
2015-09-23 13:46 +03:00: [0mGET /map/el [36m304 [0m6.367 ms - -[0m
2015-09-23 13:46 +03:00: [0mGET /css/styles.min.css [32m200 [0m1.601 ms - 40764[0m
2015-09-23 13:46 +03:00: [0mGET /js/scripts.min.js [36m304 [0m1.576 ms - -[0m
2015-09-23 13:46 +03:00: [0mGET /js/tpl/weatherPopup.js [36m304 [0m1.390 ms - -[0m
2015-09-23 13:46 +03:00: [0mGET /images/map-icons/pins/24/pin1.png [36m304 [0m7.726 ms - -[0m
2015-09-23 13:47 +03:00: [0mGET /css/styles.min.css [36m304 [0m0.519 ms - -[0m
2015-09-23 13:47 +03:00: [0mGET /map/el [36m304 [0m7.678 ms - -[0m
2015-09-23 13:47 +03:00: [0mGET /css/styles.min.css [32m200 [0m1.102 ms - 40764[0m
2015-09-23 13:47 +03:00: [0mGET /js/scripts.min.js [36m304 [0m0.574 ms - -[0m
2015-09-23 13:47 +03:00: [0mGET /js/tpl/weatherPopup.js [36m304 [0m0.465 ms - -[0m
2015-09-23 13:48 +03:00: [0mGET /images/map-icons/pins/24/pin1.png [36m304 [0m0.548 ms - -[0m
2015-09-23 13:49 +03:00: [0mGET /map/el [36m304 [0m8.954 ms - -[0m
2015-09-23 13:49 +03:00: [0mGET /css/styles.min.css [32m200 [0m0.789 ms - 40711[0m
2015-09-23 13:49 +03:00: [0mGET /js/scripts.min.js [36m304 [0m0.531 ms - -[0m
2015-09-23 13:49 +03:00: [0mGET /js/tpl/weatherPopup.js [36m304 [0m1.233 ms - -[0m
2015-09-23 13:50 +03:00: [0mGET /map/el [36m304 [0m7.106 ms - -[0m
2015-09-23 13:50 +03:00: [0mGET /css/styles.min.css [32m200 [0m0.823 ms - 40829[0m
2015-09-23 13:50 +03:00: [0mGET /js/scripts.min.js [36m304 [0m0.489 ms - -[0m
2015-09-23 13:50 +03:00: [0mGET /js/tpl/weatherPopup.js [36m304 [0m0.472 ms - -[0m
2015-09-23 13:50 +03:00: [0mGET /images/map-icons/pins/24/pin1.png [36m304 [0m0.603 ms - -[0m
2015-09-23 13:50 +03:00: [0mGET /map/el [36m304 [0m7.233 ms - -[0m
2015-09-23 13:50 +03:00: [0mGET /css/styles.min.css [32m200 [0m0.934 ms - 40835[0m
2015-09-23 13:50 +03:00: [0mGET /js/scripts.min.js [36m304 [0m0.618 ms - -[0m
2015-09-23 13:50 +03:00: [0mGET /js/tpl/weatherPopup.js [36m304 [0m0.423 ms - -[0m
2015-09-23 13:50 +03:00: [0mGET /images/map-icons/pins/24/pin1.png [36m304 [0m0.519 ms - -[0m
2015-09-23 13:51 +03:00: [0mGET /map/el [36m304 [0m7.251 ms - -[0m
2015-09-23 13:51 +03:00: [0mGET /css/styles.min.css [32m200 [0m0.772 ms - 40885[0m
2015-09-23 13:51 +03:00: [0mGET /js/scripts.min.js [36m304 [0m0.594 ms - -[0m
2015-09-23 13:51 +03:00: [0mGET /js/tpl/weatherPopup.js [36m304 [0m0.830 ms - -[0m
2015-09-23 13:51 +03:00: [0mGET /images/map-icons/pins/24/pin1.png [36m304 [0m0.548 ms - -[0m
2015-09-23 13:51 +03:00: [0mGET /map/el [36m304 [0m7.243 ms - -[0m
2015-09-23 13:51 +03:00: [0mGET /css/styles.min.css [32m200 [0m1.556 ms - 40817[0m
2015-09-23 13:51 +03:00: [0mGET /js/scripts.min.js [36m304 [0m0.900 ms - -[0m
2015-09-23 13:51 +03:00: [0mGET /js/tpl/weatherPopup.js [36m304 [0m0.734 ms - -[0m
2015-09-23 13:52 +03:00: [0mGET /map/el [36m304 [0m8.339 ms - -[0m
2015-09-23 13:52 +03:00: [0mGET /css/styles.min.css [32m200 [0m1.129 ms - 40819[0m
2015-09-23 13:52 +03:00: [0mGET /js/scripts.min.js [36m304 [0m0.553 ms - -[0m
2015-09-23 13:52 +03:00: [0mGET /js/tpl/weatherPopup.js [36m304 [0m0.615 ms - -[0m
2015-09-23 13:53 +03:00: [0mGET /map/el [36m304 [0m9.782 ms - -[0m
2015-09-23 13:53 +03:00: [0mGET /css/styles.min.css [32m200 [0m1.292 ms - 40819[0m
2015-09-23 13:53 +03:00: [0mGET /js/scripts.min.js [36m304 [0m0.505 ms - -[0m
2015-09-23 13:53 +03:00: [0mGET /js/tpl/weatherPopup.js [36m304 [0m1.382 ms - -[0m
2015-09-23 13:53 +03:00: [0mGET /map/el [36m304 [0m8.388 ms - -[0m
2015-09-23 13:53 +03:00: [0mGET /js/scripts.min.js [36m304 [0m0.562 ms - -[0m
2015-09-23 13:53 +03:00: [0mGET /js/tpl/weatherPopup.js [36m304 [0m0.598 ms - -[0m
2015-09-23 13:53 +03:00: [0mGET /css/styles.min.css [32m200 [0m1.105 ms - 40819[0m
2015-09-23 13:53 +03:00: [0mGET /map/el [36m304 [0m8.847 ms - -[0m
2015-09-23 13:53 +03:00: [0mGET /css/styles.min.css [32m200 [0m1.091 ms - 40819[0m
2015-09-23 13:53 +03:00: [0mGET /js/tpl/weatherPopup.js [36m304 [0m0.660 ms - -[0m
2015-09-23 13:53 +03:00: [0mGET /js/scripts.min.js [36m304 [0m0.912 ms - -[0m
2015-09-23 13:53 +03:00: [0mGET /images/map-icons/pins/24/pin1.png [36m304 [0m0.585 ms - -[0m
2015-09-23 13:53 +03:00: [0mGET /map/el [36m304 [0m8.060 ms - -[0m
2015-09-23 13:53 +03:00: [0mGET /js/tpl/weatherPopup.js [36m304 [0m0.841 ms - -[0m
2015-09-23 13:53 +03:00: [0mGET /js/scripts.min.js [36m304 [0m0.708 ms - -[0m
2015-09-23 13:53 +03:00: [0mGET /css/styles.min.css [32m200 [0m2.339 ms - 40819[0m
2015-09-23 13:53 +03:00: [0mGET /images/map-icons/pins/24/pin1.png [36m304 [0m6.376 ms - -[0m
2015-09-23 13:53 +03:00: [0mGET /map/el [36m304 [0m8.357 ms - -[0m
2015-09-23 13:53 +03:00: [0mGET /js/scripts.min.js [36m304 [0m0.520 ms - -[0m
2015-09-23 13:53 +03:00: [0mGET /js/tpl/weatherPopup.js [36m304 [0m0.484 ms - -[0m
2015-09-23 13:53 +03:00: [0mGET /css/styles.min.css [32m200 [0m1.079 ms - 40722[0m
2015-09-23 13:53 +03:00: [0mGET /map/el [36m304 [0m10.241 ms - -[0m
2015-09-23 13:53 +03:00: [0mGET /css/styles.min.css [32m200 [0m0.919 ms - 40819[0m
2015-09-23 13:53 +03:00: [0mGET /js/scripts.min.js [36m304 [0m0.989 ms - -[0m
2015-09-23 13:53 +03:00: [0mGET /js/tpl/weatherPopup.js [36m304 [0m1.699 ms - -[0m
2015-09-23 13:54 +03:00: [0mGET /images/map-icons/pins/24/pin1.png [36m304 [0m0.704 ms - -[0m
2015-09-23 13:54 +03:00: [0mGET /map/el [36m304 [0m10.475 ms - -[0m
2015-09-23 13:54 +03:00: [0mGET /js/scripts.min.js [36m304 [0m0.733 ms - -[0m
2015-09-23 13:54 +03:00: [0mGET /css/styles.min.css [32m200 [0m0.929 ms - 40871[0m
2015-09-23 13:54 +03:00: [0mGET /js/tpl/weatherPopup.js [36m304 [0m0.668 ms - -[0m
2015-09-23 13:54 +03:00: [0mGET /map/el [36m304 [0m10.942 ms - -[0m
2015-09-23 13:54 +03:00: [0mGET /css/styles.min.css [32m200 [0m0.942 ms - 40878[0m
2015-09-23 13:54 +03:00: [0mGET /js/scripts.min.js [36m304 [0m0.535 ms - -[0m
2015-09-23 13:54 +03:00: [0mGET /js/tpl/weatherPopup.js [36m304 [0m0.408 ms - -[0m
2015-09-23 13:54 +03:00: [0mGET /map/el [36m304 [0m14.904 ms - -[0m
2015-09-23 13:54 +03:00: [0mGET /css/styles.min.css [32m200 [0m0.770 ms - 40788[0m
2015-09-23 13:54 +03:00: [0mGET /js/scripts.min.js [36m304 [0m0.845 ms - -[0m
2015-09-23 13:54 +03:00: [0mGET /js/tpl/weatherPopup.js [36m304 [0m2.569 ms - -[0m
2015-09-23 13:54 +03:00: [0mGET /css/styles.min.css [36m304 [0m0.898 ms - -[0m
2015-09-23 13:55 +03:00: [0mGET /map/el [36m304 [0m38.929 ms - -[0m
2015-09-23 13:55 +03:00: [0mGET /js/scripts.min.js [36m304 [0m0.959 ms - -[0m
2015-09-23 13:55 +03:00: [0mGET /css/styles.min.css [32m200 [0m2.282 ms - 40788[0m
2015-09-23 13:55 +03:00: [0mGET /js/tpl/weatherPopup.js [36m304 [0m0.569 ms - -[0m
2015-09-23 13:55 +03:00: [0mGET /map/el [36m304 [0m12.259 ms - -[0m
2015-09-23 13:55 +03:00: [0mGET /js/scripts.min.js [36m304 [0m1.003 ms - -[0m
2015-09-23 13:55 +03:00: [0mGET /js/tpl/weatherPopup.js [36m304 [0m1.100 ms - -[0m
2015-09-23 13:55 +03:00: [0mGET /css/styles.min.css [32m200 [0m2.082 ms - 40788[0m
2015-09-23 13:56 +03:00: [0mGET /css/styles.min.css [36m304 [0m0.547 ms - -[0m
2015-09-23 13:56 +03:00: [0mGET /images/map-icons/pins/24/pin1.png [36m304 [0m0.506 ms - -[0m
2015-09-23 13:56 +03:00: [0mGET /map/el [32m200 [0m10.308 ms - 4142[0m
2015-09-23 13:56 +03:00: [0mGET /css/styles.min.css [32m200 [0m0.770 ms - 40788[0m
2015-09-23 13:56 +03:00: [0mGET /js/scripts.min.js [32m200 [0m9.767 ms - 23068[0m
2015-09-23 13:56 +03:00: [0mGET /js/tpl/weatherPopup.js [32m200 [0m10.201 ms - 506[0m
2015-09-23 13:56 +03:00: [0mGET /favicon.ico [33m404 [0m7.627 ms - 952[0m
2015-09-23 13:56 +03:00: [0mGET /images/map-icons/pins/24/pin1.png [36m304 [0m0.539 ms - -[0m
2015-09-23 13:56 +03:00: [0mGET /map/el [32m200 [0m10.250 ms - 4142[0m
2015-09-23 13:56 +03:00: [0mGET /css/styles.min.css [32m200 [0m1.129 ms - 40788[0m
2015-09-23 13:56 +03:00: [0mGET /js/scripts.min.js [32m200 [0m1.667 ms - 23068[0m
2015-09-23 13:56 +03:00: [0mGET /js/tpl/weatherPopup.js [32m200 [0m0.678 ms - 506[0m
2015-09-23 13:56 +03:00: [0mGET /images/map-icons/pins/24/pin1.png [32m200 [0m9.278 ms - 2009[0m
2015-09-23 13:56 +03:00: [0mGET /map/el [32m200 [0m21.795 ms - 4142[0m
2015-09-23 13:56 +03:00: [0mGET /css/styles.min.css [32m200 [0m1.386 ms - 40788[0m
2015-09-23 13:56 +03:00: [0mGET /js/scripts.min.js [32m200 [0m1.358 ms - 23068[0m
2015-09-23 13:56 +03:00: [0mGET /js/tpl/weatherPopup.js [32m200 [0m1.489 ms - 506[0m
2015-09-23 13:56 +03:00: [0mGET /favicon.ico [33m404 [0m4.575 ms - 952[0m
2015-09-23 13:57 +03:00: [0mGET /images/map-icons/pins/24/pin1.png [32m200 [0m1.095 ms - 2009[0m
2015-09-23 13:57 +03:00: [0mGET /css/styles.min.css [36m304 [0m0.614 ms - -[0m
2015-09-23 13:57 +03:00: [0mGET /map/el [36m304 [0m9.427 ms - -[0m
2015-09-23 13:57 +03:00: [0mGET /js/scripts.min.js [36m304 [0m0.983 ms - -[0m
2015-09-23 13:57 +03:00: [0mGET /css/styles.min.css [36m304 [0m1.561 ms - -[0m
2015-09-23 13:57 +03:00: [0mGET /js/tpl/weatherPopup.js [36m304 [0m0.479 ms - -[0m
2015-09-23 14:02 +03:00: [0mGET /map/el [36m304 [0m17.415 ms - -[0m
2015-09-23 14:02 +03:00: [0mGET /css/styles.min.css [36m304 [0m0.565 ms - -[0m
2015-09-23 14:02 +03:00: [0mGET /js/scripts.min.js [32m200 [0m1.205 ms - 23172[0m
2015-09-23 14:02 +03:00: [0mGET /js/tpl/weatherPopup.js [36m304 [0m0.931 ms - -[0m
2015-09-23 14:02 +03:00: [0mGET /images/map-icons/pins/24/pin1.png [36m304 [0m9.493 ms - -[0m
2015-09-23 14:12 +03:00: [0mGET /map/el [36m304 [0m28.117 ms - -[0m
2015-09-23 14:12 +03:00: [0mGET /css/styles.min.css [36m304 [0m1.555 ms - -[0m
2015-09-23 14:12 +03:00: [0mGET /js/tpl/weatherPopup.js [36m304 [0m0.717 ms - -[0m
2015-09-23 14:12 +03:00: [0mGET /js/scripts.min.js [36m304 [0m0.526 ms - -[0m
2015-09-23 14:12 +03:00: [0mGET /map/el [36m304 [0m12.437 ms - -[0m
2015-09-23 14:12 +03:00: [0mGET /css/styles.min.css [36m304 [0m0.564 ms - -[0m
2015-09-23 14:12 +03:00: [0mGET /js/scripts.min.js [36m304 [0m0.632 ms - -[0m
2015-09-23 14:12 +03:00: [0mGET /js/tpl/weatherPopup.js [36m304 [0m0.400 ms - -[0m
2015-09-23 14:12 +03:00: [0mGET /map/el [36m304 [0m10.975 ms - -[0m
2015-09-23 14:12 +03:00: [0mGET /css/styles.min.css [36m304 [0m0.555 ms - -[0m
2015-09-23 14:12 +03:00: [0mGET /js/tpl/weatherPopup.js [36m304 [0m0.607 ms - -[0m
2015-09-23 14:12 +03:00: [0mGET /js/scripts.min.js [36m304 [0m0.592 ms - -[0m
2015-09-23 14:23 +03:00: [0mGET /map/el [36m304 [0m19.720 ms - -[0m
2015-09-23 14:23 +03:00: [0mGET /css/styles.min.css [36m304 [0m0.548 ms - -[0m
2015-09-23 14:23 +03:00: [0mGET /js/scripts.min.js [32m200 [0m1.419 ms - 23986[0m
2015-09-23 14:23 +03:00: [0mGET /js/tpl/weatherPopup.js [36m304 [0m0.752 ms - -[0m
2015-09-23 14:24 +03:00: [0mGET /map/el [32m200 [0m9.926 ms - 4142[0m
2015-09-23 14:24 +03:00: [0mGET /js/scripts.min.js [32m200 [0m0.838 ms - 23986[0m
2015-09-23 14:24 +03:00: [0mGET /css/styles.min.css [32m200 [0m5.406 ms - 40788[0m
2015-09-23 14:24 +03:00: [0mGET /js/tpl/weatherPopup.js [32m200 [0m4.281 ms - 506[0m
2015-09-23 14:24 +03:00: [0mGET /map/el [36m304 [0m10.686 ms - -[0m
2015-09-23 14:24 +03:00: [0mGET /js/scripts.min.js [36m304 [0m0.866 ms - -[0m
2015-09-23 14:24 +03:00: [0mGET /css/styles.min.css [36m304 [0m1.320 ms - -[0m
2015-09-23 14:24 +03:00: [0mGET /js/tpl/weatherPopup.js [36m304 [0m0.390 ms - -[0m
2015-09-23 14:24 +03:00: [0mGET /favicon.ico [33m404 [0m12.718 ms - 952[0m
2015-09-23 14:24 +03:00: [0mGET /favicon.ico [33m404 [0m6.510 ms - 952[0m
2015-09-23 14:24 +03:00: [0mGET /images/map-icons/pins/24/pin1.png [36m304 [0m0.619 ms - -[0m
2015-09-23 14:25 +03:00: [0mGET /map/el [36m304 [0m11.370 ms - -[0m
2015-09-23 14:25 +03:00: [0mGET /css/styles.min.css [36m304 [0m0.507 ms - -[0m
2015-09-23 14:25 +03:00: [0mGET /js/scripts.min.js [32m200 [0m0.831 ms - 24166[0m
2015-09-23 14:25 +03:00: [0mGET /js/tpl/weatherPopup.js [36m304 [0m0.433 ms - -[0m
2015-09-23 14:25 +03:00: [0mGET /images/map-icons/pins/24/pin1.png [36m304 [0m0.473 ms - -[0m
2015-09-23 14:25 +03:00: [0mGET /map/el [36m304 [0m10.349 ms - -[0m
2015-09-23 14:25 +03:00: [0mGET /css/styles.min.css [36m304 [0m0.443 ms - -[0m
2015-09-23 14:25 +03:00: [0mGET /js/scripts.min.js [32m200 [0m0.831 ms - 24121[0m
2015-09-23 14:25 +03:00: [0mGET /js/tpl/weatherPopup.js [36m304 [0m0.441 ms - -[0m
2015-09-23 14:25 +03:00: [0mGET /images/map-icons/pins/24/pin1.png [36m304 [0m0.541 ms - -[0m
2015-09-23 14:27 +03:00: [0mGET /map/el [36m304 [0m8.017 ms - -[0m
2015-09-23 14:27 +03:00: [0mGET /css/styles.min.css [36m304 [0m0.461 ms - -[0m
2015-09-23 14:27 +03:00: [0mGET /js/scripts.min.js [32m200 [0m0.866 ms - 24191[0m
2015-09-23 14:27 +03:00: [0mGET /js/tpl/weatherPopup.js [36m304 [0m0.433 ms - -[0m
2015-09-23 14:27 +03:00: [0mGET /images/map-icons/pins/24/pin1.png [36m304 [0m0.505 ms - -[0m
2015-09-23 14:28 +03:00: [0mGET /map/el [36m304 [0m9.018 ms - -[0m
2015-09-23 14:28 +03:00: [0mGET /css/styles.min.css [36m304 [0m0.446 ms - -[0m
2015-09-23 14:28 +03:00: [0mGET /js/scripts.min.js [32m200 [0m0.941 ms - 24269[0m
2015-09-23 14:28 +03:00: [0mGET /js/tpl/weatherPopup.js [36m304 [0m0.417 ms - -[0m
2015-09-23 14:28 +03:00: [0mGET /images/map-icons/pins/24/pin1.png [36m304 [0m0.649 ms - -[0m
2015-09-23 14:28 +03:00: [0mGET /map/el [36m304 [0m7.426 ms - -[0m
2015-09-23 14:28 +03:00: [0mGET /css/styles.min.css [36m304 [0m0.462 ms - -[0m
2015-09-23 14:28 +03:00: [0mGET /js/scripts.min.js [32m200 [0m0.874 ms - 24269[0m
2015-09-23 14:28 +03:00: [0mGET /js/tpl/weatherPopup.js [36m304 [0m0.652 ms - -[0m
2015-09-23 14:28 +03:00: [0mGET /images/map-icons/pins/24/pin1.png [36m304 [0m0.586 ms - -[0m
2015-09-23 14:29 +03:00: [0mGET /map/el [36m304 [0m7.060 ms - -[0m
2015-09-23 14:29 +03:00: [0mGET /css/styles.min.css [36m304 [0m0.548 ms - -[0m
2015-09-23 14:29 +03:00: [0mGET /js/scripts.min.js [32m200 [0m2.503 ms - 24331[0m
2015-09-23 14:29 +03:00: [0mGET /js/tpl/weatherPopup.js [36m304 [0m0.960 ms - -[0m
2015-09-23 14:29 +03:00: [0mGET /images/map-icons/pins/24/pin1.png [36m304 [0m0.485 ms - -[0m
2015-09-23 14:35 +03:00: [0mGET /map/el [36m304 [0m6.733 ms - -[0m
2015-09-23 14:35 +03:00: [0mGET /css/styles.min.css [36m304 [0m0.415 ms - -[0m
2015-09-23 14:35 +03:00: [0mGET /js/tpl/weatherPopup.js [36m304 [0m0.419 ms - -[0m
2015-09-23 14:35 +03:00: [0mGET /js/scripts.min.js [32m200 [0m0.892 ms - 24776[0m
2015-09-23 14:35 +03:00: [0mGET /images/map-icons/pins/24/pin1.png [36m304 [0m0.660 ms - -[0m
2015-09-23 14:35 +03:00: [0mGET /map/el [36m304 [0m7.449 ms - -[0m
2015-09-23 14:35 +03:00: [0mGET /css/styles.min.css [36m304 [0m0.429 ms - -[0m
2015-09-23 14:35 +03:00: [0mGET /js/scripts.min.js [32m200 [0m0.827 ms - 24943[0m
2015-09-23 14:35 +03:00: [0mGET /js/tpl/weatherPopup.js [36m304 [0m0.482 ms - -[0m
2015-09-23 14:35 +03:00: [0mGET /images/map-icons/pins/24/pin1.png [36m304 [0m0.480 ms - -[0m
2015-09-23 14:37 +03:00: [0mGET /map/el [36m304 [0m7.103 ms - -[0m
2015-09-23 14:37 +03:00: [0mGET /css/styles.min.css [36m304 [0m0.448 ms - -[0m
2015-09-23 14:37 +03:00: [0mGET /js/tpl/weatherPopup.js [36m304 [0m0.507 ms - -[0m
2015-09-23 14:37 +03:00: [0mGET /js/scripts.min.js [32m200 [0m0.717 ms - 24947[0m
2015-09-23 14:37 +03:00: [0mGET /images/map-icons/pins/24/pin1.png [36m304 [0m0.571 ms - -[0m
2015-09-23 14:38 +03:00: [0mGET /map/el [36m304 [0m8.054 ms - -[0m
2015-09-23 14:38 +03:00: [0mGET /css/styles.min.css [36m304 [0m0.461 ms - -[0m
2015-09-23 14:38 +03:00: [0mGET /js/scripts.min.js [32m200 [0m0.849 ms - 25026[0m
2015-09-23 14:38 +03:00: [0mGET /js/tpl/weatherPopup.js [36m304 [0m0.444 ms - -[0m
2015-09-23 14:38 +03:00: [0mGET /images/map-icons/pins/24/pin1.png [36m304 [0m0.571 ms - -[0m
2015-09-23 14:39 +03:00: [0mGET /map/el [36m304 [0m7.348 ms - -[0m
2015-09-23 14:39 +03:00: [0mGET /css/styles.min.css [36m304 [0m0.452 ms - -[0m
2015-09-23 14:39 +03:00: [0mGET /js/scripts.min.js [32m200 [0m0.719 ms - 25037[0m
2015-09-23 14:39 +03:00: [0mGET /js/tpl/weatherPopup.js [36m304 [0m0.370 ms - -[0m
2015-09-23 14:39 +03:00: [0mGET /images/map-icons/pins/24/pin1.png [36m304 [0m0.441 ms - -[0m
2015-09-23 14:39 +03:00: [0mGET /map/el [36m304 [0m7.123 ms - -[0m
2015-09-23 14:39 +03:00: [0mGET /css/styles.min.css [36m304 [0m0.484 ms - -[0m
2015-09-23 14:39 +03:00: [0mGET /js/scripts.min.js [32m200 [0m0.746 ms - 24882[0m
2015-09-23 14:39 +03:00: [0mGET /js/tpl/weatherPopup.js [36m304 [0m0.366 ms - -[0m
2015-09-23 14:40 +03:00: [0mGET /images/map-icons/pins/24/pin1.png [36m304 [0m0.467 ms - -[0m
2015-09-23 14:40 +03:00: [0mGET /map/el [36m304 [0m7.876 ms - -[0m
2015-09-23 14:40 +03:00: [0mGET /css/styles.min.css [36m304 [0m0.498 ms - -[0m
2015-09-23 14:40 +03:00: [0mGET /js/scripts.min.js [32m200 [0m0.795 ms - 24804[0m
2015-09-23 14:40 +03:00: [0mGET /js/tpl/weatherPopup.js [36m304 [0m0.675 ms - -[0m
2015-09-23 14:40 +03:00: [0mGET /images/map-icons/pins/24/pin1.png [36m304 [0m0.495 ms - -[0m
2015-09-23 14:40 +03:00: [0mGET /map/el [36m304 [0m7.005 ms - -[0m
2015-09-23 14:40 +03:00: [0mGET /css/styles.min.css [36m304 [0m0.458 ms - -[0m
2015-09-23 14:40 +03:00: [0mGET /js/scripts.min.js [32m200 [0m0.820 ms - 24804[0m
2015-09-23 14:40 +03:00: [0mGET /js/tpl/weatherPopup.js [36m304 [0m0.381 ms - -[0m
2015-09-23 14:40 +03:00: [0mGET /images/map-icons/pins/24/pin1.png [36m304 [0m0.482 ms - -[0m
2015-09-23 14:41 +03:00: [0mGET /map/el [36m304 [0m8.378 ms - -[0m
2015-09-23 14:41 +03:00: [0mGET /css/styles.min.css [36m304 [0m0.484 ms - -[0m
2015-09-23 14:41 +03:00: [0mGET /js/scripts.min.js [32m200 [0m0.848 ms - 24812[0m
2015-09-23 14:41 +03:00: [0mGET /js/tpl/weatherPopup.js [36m304 [0m0.614 ms - -[0m
2015-09-23 14:41 +03:00: [0mGET /images/map-icons/pins/24/pin1.png [36m304 [0m0.560 ms - -[0m
2015-09-23 14:41 +03:00: [0mGET /map/el [36m304 [0m6.533 ms - -[0m
2015-09-23 14:41 +03:00: [0mGET /css/styles.min.css [36m304 [0m0.447 ms - -[0m
2015-09-23 14:41 +03:00: [0mGET /js/scripts.min.js [32m200 [0m0.874 ms - 24753[0m
2015-09-23 14:41 +03:00: [0mGET /js/tpl/weatherPopup.js [36m304 [0m0.361 ms - -[0m
2015-09-23 14:42 +03:00: [0mGET /images/map-icons/pins/24/pin1.png [36m304 [0m0.707 ms - -[0m
2015-09-23 14:43 +03:00: [0mGET /map/el [36m304 [0m7.130 ms - -[0m
2015-09-23 14:43 +03:00: [0mGET /css/styles.min.css [36m304 [0m0.520 ms - -[0m
2015-09-23 14:43 +03:00: [0mGET /js/scripts.min.js [32m200 [0m0.854 ms - 24981[0m
2015-09-23 14:43 +03:00: [0mGET /js/tpl/weatherPopup.js [36m304 [0m0.419 ms - -[0m
2015-09-23 14:43 +03:00: [0mGET /images/map-icons/pins/24/pin1.png [36m304 [0m0.545 ms - -[0m
2015-09-23 14:50 +03:00: [0mGET /map/el [36m304 [0m9.275 ms - -[0m
2015-09-23 14:50 +03:00: [0mGET /css/styles.min.css [36m304 [0m0.465 ms - -[0m
2015-09-23 14:50 +03:00: [0mGET /js/scripts.min.js [32m200 [0m0.917 ms - 26451[0m
2015-09-23 14:50 +03:00: [0mGET /js/tpl/weatherPopup.js [36m304 [0m0.463 ms - -[0m
2015-09-23 14:50 +03:00: [0mGET /images/map-icons/pins/24/pin1.png [36m304 [0m0.498 ms - -[0m
2015-09-23 14:52 +03:00: [0mGET /map/el [36m304 [0m7.463 ms - -[0m
2015-09-23 14:52 +03:00: [0mGET /css/styles.min.css [36m304 [0m0.444 ms - -[0m
2015-09-23 14:52 +03:00: [0mGET /js/scripts.min.js [32m200 [0m1.066 ms - 27451[0m
2015-09-23 14:52 +03:00: [0mGET /js/tpl/weatherPopup.js [36m304 [0m0.457 ms - -[0m
2015-09-23 14:52 +03:00: [0mGET /images/map-icons/pins/24/pin1.png [36m304 [0m0.560 ms - -[0m
2015-09-23 14:53 +03:00: [0mGET /map/el [36m304 [0m6.805 ms - -[0m
2015-09-23 14:53 +03:00: [0mGET /css/styles.min.css [36m304 [0m0.488 ms - -[0m
2015-09-23 14:53 +03:00: [0mGET /js/tpl/weatherPopup.js [36m304 [0m0.587 ms - -[0m
2015-09-23 14:53 +03:00: [0mGET /js/scripts.min.js [32m200 [0m1.207 ms - 27118[0m
2015-09-23 14:53 +03:00: [0mGET /images/map-icons/pins/24/pin1.png [36m304 [0m0.450 ms - -[0m
2015-09-23 14:54 +03:00: [0mGET /map/el [36m304 [0m7.170 ms - -[0m
2015-09-23 14:54 +03:00: [0mGET /css/styles.min.css [36m304 [0m0.745 ms - -[0m
2015-09-23 14:54 +03:00: [0mGET /js/tpl/weatherPopup.js [36m304 [0m0.387 ms - -[0m
2015-09-23 14:54 +03:00: [0mGET /js/scripts.min.js [32m200 [0m1.027 ms - 27118[0m
2015-09-23 14:54 +03:00: [0mGET /images/map-icons/pins/24/pin1.png [36m304 [0m0.477 ms - -[0m
2015-09-23 14:54 +03:00: [0mGET /map/el [36m304 [0m8.192 ms - -[0m
2015-09-23 14:54 +03:00: [0mGET /css/styles.min.css [36m304 [0m0.521 ms - -[0m
2015-09-23 14:54 +03:00: [0mGET /js/scripts.min.js [32m200 [0m0.959 ms - 27118[0m
2015-09-23 14:54 +03:00: [0mGET /js/tpl/weatherPopup.js [36m304 [0m0.407 ms - -[0m
2015-09-23 14:54 +03:00: [0mGET /images/map-icons/pins/24/pin1.png [36m304 [0m0.460 ms - -[0m
2015-09-23 14:56 +03:00: [0mGET /map/el [36m304 [0m7.872 ms - -[0m
2015-09-23 14:56 +03:00: [0mGET /css/styles.min.css [36m304 [0m0.502 ms - -[0m
2015-09-23 14:56 +03:00: [0mGET /js/scripts.min.js [32m200 [0m0.782 ms - 27118[0m
2015-09-23 14:56 +03:00: [0mGET /js/tpl/weatherPopup.js [36m304 [0m0.444 ms - -[0m
2015-09-23 14:56 +03:00: [0mGET /images/map-icons/pins/24/pin1.png [36m304 [0m0.495 ms - -[0m
2015-09-23 15:14 +03:00: [0mGET /map/el [36m304 [0m19.581 ms - -[0m
2015-09-23 15:14 +03:00: [0mGET /css/styles.min.css [36m304 [0m0.492 ms - -[0m
2015-09-23 15:14 +03:00: [0mGET /js/tpl/weatherPopup.js [36m304 [0m0.513 ms - -[0m
2015-09-23 15:14 +03:00: [0mGET /js/scripts.min.js [32m200 [0m0.815 ms - 28278[0m
2015-09-23 15:14 +03:00: [0mGET /images/map-icons/pins/24/pin1.png [36m304 [0m0.521 ms - -[0m
2015-09-23 15:16 +03:00: [0mGET /map/el [36m304 [0m7.511 ms - -[0m
2015-09-23 15:16 +03:00: [0mGET /css/styles.min.css [36m304 [0m0.527 ms - -[0m
2015-09-23 15:16 +03:00: [0mGET /js/scripts.min.js [32m200 [0m0.639 ms - 28257[0m
2015-09-23 15:16 +03:00: [0mGET /js/tpl/weatherPopup.js [36m304 [0m0.478 ms - -[0m
2015-09-23 15:16 +03:00: [0mGET /images/map-icons/pins/24/pin1.png [36m304 [0m0.546 ms - -[0m
2015-09-23 15:17 +03:00: [0mGET /map/el [36m304 [0m8.582 ms - -[0m
2015-09-23 15:17 +03:00: [0mGET /css/styles.min.css [36m304 [0m0.480 ms - -[0m
2015-09-23 15:17 +03:00: [0mGET /js/scripts.min.js [32m200 [0m0.779 ms - 28250[0m
2015-09-23 15:17 +03:00: [0mGET /js/tpl/weatherPopup.js [36m304 [0m0.461 ms - -[0m
2015-09-23 15:17 +03:00: [0mGET /images/map-icons/pins/24/pin1.png [36m304 [0m0.526 ms - -[0m
2015-09-23 15:18 +03:00: [0mGET /map/el [36m304 [0m9.277 ms - -[0m
2015-09-23 15:18 +03:00: [0mGET /css/styles.min.css [36m304 [0m0.558 ms - -[0m
2015-09-23 15:18 +03:00: [0mGET /js/scripts.min.js [32m200 [0m0.905 ms - 27891[0m
2015-09-23 15:18 +03:00: [0mGET /js/tpl/weatherPopup.js [36m304 [0m0.464 ms - -[0m
2015-09-23 15:18 +03:00: [0mGET /images/map-icons/pins/24/pin1.png [36m304 [0m0.582 ms - -[0m
2015-09-23 15:18 +03:00: [0mGET /map/el [36m304 [0m8.085 ms - -[0m
2015-09-23 15:18 +03:00: [0mGET /css/styles.min.css [36m304 [0m0.511 ms - -[0m
2015-09-23 15:18 +03:00: [0mGET /js/scripts.min.js [32m200 [0m0.807 ms - 28094[0m
2015-09-23 15:18 +03:00: [0mGET /js/tpl/weatherPopup.js [36m304 [0m0.399 ms - -[0m
2015-09-23 15:18 +03:00: [0mGET /images/map-icons/pins/24/pin1.png [36m304 [0m0.454 ms - -[0m
2015-09-23 15:21 +03:00: [0mGET /map/el [36m304 [0m8.041 ms - -[0m
2015-09-23 15:21 +03:00: [0mGET /css/styles.min.css [36m304 [0m0.568 ms - -[0m
2015-09-23 15:21 +03:00: [0mGET /js/scripts.min.js [32m200 [0m0.940 ms - 28451[0m
2015-09-23 15:21 +03:00: [0mGET /js/tpl/weatherPopup.js [36m304 [0m0.571 ms - -[0m
2015-09-23 15:21 +03:00: [0mGET /images/map-icons/pins/24/pin1.png [36m304 [0m0.781 ms - -[0m
2015-09-23 15:24 +03:00: [0mGET /map/el [36m304 [0m7.544 ms - -[0m
2015-09-23 15:24 +03:00: [0mGET /css/styles.min.css [36m304 [0m0.591 ms - -[0m
2015-09-23 15:24 +03:00: [0mGET /js/tpl/weatherPopup.js [36m304 [0m0.763 ms - -[0m
2015-09-23 15:24 +03:00: [0mGET /js/scripts.min.js [32m200 [0m2.752 ms - 29260[0m
2015-09-23 15:24 +03:00: [0mGET /images/map-icons/pins/24/pin1.png [36m304 [0m0.599 ms - -[0m
2015-09-23 15:26 +03:00: [0mGET /map/el [36m304 [0m7.199 ms - -[0m
2015-09-23 15:26 +03:00: [0mGET /css/styles.min.css [36m304 [0m0.512 ms - -[0m
2015-09-23 15:26 +03:00: [0mGET /js/tpl/weatherPopup.js [36m304 [0m0.545 ms - -[0m
2015-09-23 15:26 +03:00: [0mGET /js/scripts.min.js [32m200 [0m2.470 ms - 29093[0m
2015-09-23 15:26 +03:00: [0mGET /images/map-icons/pins/24/pin1.png [36m304 [0m0.555 ms - -[0m
2015-09-23 15:28 +03:00: [0mGET /map/el [36m304 [0m8.596 ms - -[0m
2015-09-23 15:28 +03:00: [0mGET /css/styles.min.css [36m304 [0m0.569 ms - -[0m
2015-09-23 15:28 +03:00: [0mGET /js/scripts.min.js [32m200 [0m0.897 ms - 29235[0m
2015-09-23 15:28 +03:00: [0mGET /js/tpl/weatherPopup.js [36m304 [0m0.570 ms - -[0m
2015-09-23 15:28 +03:00: [0mGET /images/map-icons/pins/24/pin1.png [36m304 [0m0.495 ms - -[0m
2015-09-23 15:30 +03:00: [0mGET /map/el [36m304 [0m8.103 ms - -[0m
2015-09-23 15:30 +03:00: [0mGET /css/styles.min.css [36m304 [0m0.606 ms - -[0m
2015-09-23 15:30 +03:00: [0mGET /js/scripts.min.js [32m200 [0m0.954 ms - 29453[0m
2015-09-23 15:30 +03:00: [0mGET /js/tpl/weatherPopup.js [36m304 [0m0.622 ms - -[0m
2015-09-23 15:30 +03:00: [0mGET /images/map-icons/pins/24/pin1.png [36m304 [0m0.540 ms - -[0m
2015-09-23 15:31 +03:00: [0mGET /map/el [36m304 [0m6.716 ms - -[0m
2015-09-23 15:31 +03:00: [0mGET /css/styles.min.css [36m304 [0m0.508 ms - -[0m
2015-09-23 15:31 +03:00: [0mGET /js/scripts.min.js [32m200 [0m0.830 ms - 29417[0m
2015-09-23 15:31 +03:00: [0mGET /js/tpl/weatherPopup.js [36m304 [0m0.712 ms - -[0m
2015-09-23 15:32 +03:00: [0mGET /images/map-icons/pins/24/pin1.png [36m304 [0m0.612 ms - -[0m
2015-09-23 15:33 +03:00: [0mGET /map/el [36m304 [0m6.914 ms - -[0m
2015-09-23 15:33 +03:00: [0mGET /css/styles.min.css [36m304 [0m0.558 ms - -[0m
2015-09-23 15:33 +03:00: [0mGET /js/scripts.min.js [32m200 [0m0.875 ms - 29594[0m
2015-09-23 15:33 +03:00: [0mGET /js/tpl/weatherPopup.js [36m304 [0m0.536 ms - -[0m
2015-09-23 15:33 +03:00: [0mGET /images/map-icons/pins/24/pin1.png [36m304 [0m0.554 ms - -[0m
2015-09-23 15:35 +03:00: [0mGET /map/el [36m304 [0m6.876 ms - -[0m
2015-09-23 15:35 +03:00: [0mGET /css/styles.min.css [36m304 [0m0.591 ms - -[0m
2015-09-23 15:35 +03:00: [0mGET /js/scripts.min.js [32m200 [0m0.761 ms - 29664[0m
2015-09-23 15:35 +03:00: [0mGET /js/tpl/weatherPopup.js [36m304 [0m0.559 ms - -[0m
2015-09-23 15:35 +03:00: [0mGET /images/map-icons/pins/24/pin1.png [36m304 [0m0.501 ms - -[0m
2015-09-23 15:35 +03:00: [0mGET /map/el [36m304 [0m6.844 ms - -[0m
2015-09-23 15:35 +03:00: [0mGET /css/styles.min.css [36m304 [0m0.496 ms - -[0m
2015-09-23 15:35 +03:00: [0mGET /js/scripts.min.js [32m200 [0m0.861 ms - 29536[0m
2015-09-23 15:35 +03:00: [0mGET /js/tpl/weatherPopup.js [36m304 [0m0.389 ms - -[0m
2015-09-23 15:35 +03:00: [0mGET /images/map-icons/pins/24/pin1.png [36m304 [0m0.790 ms - -[0m
2015-09-23 15:36 +03:00: [0mGET /map/el [36m304 [0m7.095 ms - -[0m
2015-09-23 15:36 +03:00: [0mGET /css/styles.min.css [36m304 [0m0.494 ms - -[0m
2015-09-23 15:36 +03:00: [0mGET /js/scripts.min.js [32m200 [0m0.819 ms - 29664[0m
2015-09-23 15:36 +03:00: [0mGET /js/tpl/weatherPopup.js [36m304 [0m0.350 ms - -[0m
2015-09-23 15:36 +03:00: [0mGET /images/map-icons/pins/24/pin1.png [36m304 [0m0.490 ms - -[0m
2015-09-23 15:37 +03:00: [0mGET /map/el [36m304 [0m7.172 ms - -[0m
2015-09-23 15:37 +03:00: [0mGET /css/styles.min.css [36m304 [0m0.716 ms - -[0m
2015-09-23 15:37 +03:00: [0mGET /js/scripts.min.js [36m304 [0m0.392 ms - -[0m
2015-09-23 15:37 +03:00: [0mGET /js/tpl/weatherPopup.js [36m304 [0m0.356 ms - -[0m
2015-09-23 15:37 +03:00: [0mGET /images/map-icons/pins/24/pin1.png [36m304 [0m0.529 ms - -[0m
2015-09-23 15:38 +03:00: [0mGET /map/el [36m304 [0m8.838 ms - -[0m
2015-09-23 15:38 +03:00: [0mGET /css/styles.min.css [36m304 [0m0.646 ms - -[0m
2015-09-23 15:38 +03:00: [0mGET /js/scripts.min.js [32m200 [0m0.840 ms - 29696[0m
2015-09-23 15:38 +03:00: [0mGET /js/tpl/weatherPopup.js [36m304 [0m0.503 ms - -[0m
2015-09-23 15:38 +03:00: [0mGET /images/map-icons/pins/24/pin1.png [36m304 [0m0.801 ms - -[0m
2015-09-23 15:40 +03:00: [0mGET /map/el [36m304 [0m7.141 ms - -[0m
2015-09-23 15:40 +03:00: [0mGET /css/styles.min.css [36m304 [0m0.562 ms - -[0m
2015-09-23 15:40 +03:00: [0mGET /js/scripts.min.js [32m200 [0m0.766 ms - 29800[0m
2015-09-23 15:40 +03:00: [0mGET /js/tpl/weatherPopup.js [36m304 [0m0.562 ms - -[0m
2015-09-23 15:40 +03:00: [0mGET /images/map-icons/pins/24/pin1.png [36m304 [0m0.829 ms - -[0m
2015-09-23 15:40 +03:00: [0mGET /map/el [36m304 [0m6.722 ms - -[0m
2015-09-23 15:40 +03:00: [0mGET /css/styles.min.css [36m304 [0m0.766 ms - -[0m
2015-09-23 15:40 +03:00: [0mGET /js/tpl/weatherPopup.js [36m304 [0m0.541 ms - -[0m
2015-09-23 15:40 +03:00: [0mGET /js/scripts.min.js [33m404 [0m7.095 ms - 952[0m
2015-09-23 15:40 +03:00: [0mGET /js/scripts.min.js [33m404 [0m3.193 ms - 952[0m
2015-09-23 15:42 +03:00: [0mGET /map/el [36m304 [0m6.858 ms - -[0m
2015-09-23 15:42 +03:00: [0mGET /css/styles.min.css [36m304 [0m0.611 ms - -[0m
2015-09-23 15:42 +03:00: [0mGET /js/scripts.min.js [32m200 [0m0.790 ms - 29759[0m
2015-09-23 15:42 +03:00: [0mGET /js/tpl/weatherPopup.js [36m304 [0m0.962 ms - -[0m
2015-09-23 15:42 +03:00: [0mGET /images/map-icons/pins/24/pin1.png [36m304 [0m0.538 ms - -[0m
2015-09-23 15:43 +03:00: [0mGET /map/el [36m304 [0m7.354 ms - -[0m
2015-09-23 15:43 +03:00: [0mGET /css/styles.min.css [36m304 [0m0.656 ms - -[0m
2015-09-23 15:43 +03:00: [0mGET /js/scripts.min.js [32m200 [0m0.880 ms - 29146[0m
2015-09-23 15:43 +03:00: [0mGET /js/tpl/weatherPopup.js [36m304 [0m0.480 ms - -[0m
2015-09-23 15:43 +03:00: [0mGET /images/map-icons/pins/24/pin1.png [36m304 [0m0.673 ms - -[0m
2015-09-23 15:45 +03:00: [0mGET /map/el [36m304 [0m7.415 ms - -[0m
2015-09-23 15:45 +03:00: [0mGET /css/styles.min.css [36m304 [0m0.578 ms - -[0m
2015-09-23 15:45 +03:00: [0mGET /js/scripts.min.js [32m200 [0m1.112 ms - 29185[0m
2015-09-23 15:45 +03:00: [0mGET /js/tpl/weatherPopup.js [36m304 [0m0.500 ms - -[0m
2015-09-23 15:45 +03:00: [0mGET /images/map-icons/pins/24/pin1.png [36m304 [0m0.647 ms - -[0m
2015-09-23 15:46 +03:00: [0mGET /map/el [36m304 [0m6.978 ms - -[0m
2015-09-23 15:46 +03:00: [0mGET /css/styles.min.css [36m304 [0m0.553 ms - -[0m
2015-09-23 15:46 +03:00: [0mGET /js/scripts.min.js [32m200 [0m0.857 ms - 29241[0m
2015-09-23 15:46 +03:00: [0mGET /js/tpl/weatherPopup.js [36m304 [0m0.506 ms - -[0m
2015-09-23 15:46 +03:00: [0mGET /images/map-icons/pins/24/pin1.png [36m304 [0m0.509 ms - -[0m
2015-09-23 15:50 +03:00: [0mGET /map/el [36m304 [0m8.642 ms - -[0m
2015-09-23 15:50 +03:00: [0mGET /css/styles.min.css [36m304 [0m0.577 ms - -[0m
2015-09-23 15:50 +03:00: [0mGET /js/scripts.min.js [32m200 [0m0.924 ms - 29879[0m
2015-09-23 15:50 +03:00: [0mGET /js/tpl/weatherPopup.js [36m304 [0m0.555 ms - -[0m
2015-09-23 15:50 +03:00: [0mGET /images/map-icons/pins/24/pin1.png [36m304 [0m0.567 ms - -[0m
2015-09-23 15:54 +03:00: [0mGET /map/el [36m304 [0m7.328 ms - -[0m
2015-09-23 15:54 +03:00: [0mGET /css/styles.min.css [36m304 [0m0.545 ms - -[0m
2015-09-23 15:54 +03:00: [0mGET /js/scripts.min.js [32m200 [0m0.818 ms - 29996[0m
2015-09-23 15:54 +03:00: [0mGET /js/tpl/weatherPopup.js [36m304 [0m0.581 ms - -[0m
2015-09-23 15:55 +03:00: [0mGET /images/map-icons/pins/24/pin1.png [36m304 [0m0.606 ms - -[0m
2015-09-23 15:55 +03:00: [0mGET /map/el [36m304 [0m7.010 ms - -[0m
2015-09-23 15:55 +03:00: [0mGET /css/styles.min.css [36m304 [0m0.446 ms - -[0m
2015-09-23 15:55 +03:00: [0mGET /js/scripts.min.js [32m200 [0m0.647 ms - 30040[0m
2015-09-23 15:55 +03:00: [0mGET /js/tpl/weatherPopup.js [36m304 [0m0.352 ms - -[0m
2015-09-23 15:55 +03:00: [0mGET /images/map-icons/pins/24/pin1.png [36m304 [0m0.545 ms - -[0m
2015-09-23 16:00 +03:00: [0mGET /map/el [36m304 [0m8.879 ms - -[0m
2015-09-23 16:00 +03:00: [0mGET /css/styles.min.css [36m304 [0m0.575 ms - -[0m
2015-09-23 16:00 +03:00: [0mGET /js/scripts.min.js [32m200 [0m1.458 ms - 29383[0m
2015-09-23 16:00 +03:00: [0mGET /js/tpl/weatherPopup.js [36m304 [0m0.659 ms - -[0m
2015-09-23 16:00 +03:00: [0mGET /images/map-icons/pins/24/pin1.png [36m304 [0m0.589 ms - -[0m
2015-09-23 16:05 +03:00: [0mGET /map/el [36m304 [0m9.231 ms - -[0m
2015-09-23 16:05 +03:00: [0mGET /css/styles.min.css [36m304 [0m0.551 ms - -[0m
2015-09-23 16:05 +03:00: [0mGET /js/scripts.min.js [32m200 [0m1.491 ms - 29299[0m
[0mGET /js/tpl/weatherPopup.js [36m304 [0m0.841 ms - -[0m
